0 verbose cli /usr/local/bin/node /usr/local/bin/npm
1 info using npm@8.11.0
2 info using node@v17.9.1
3 timing npm:load:whichnode Completed in 0ms
4 timing config:load:defaults Completed in 88ms
5 timing config:load:file:/usr/local/lib/node_modules/npm/npmrc Completed in 2ms
6 timing config:load:builtin Completed in 2ms
7 timing config:load:cli Completed in 3ms
8 timing config:load:env Completed in 0ms
9 timing config:load:project Completed in 193ms
10 timing config:load:file:/home/container/.npmrc Completed in 0ms
11 timing config:load:user Completed in 0ms
12 timing config:load:file:/usr/local/etc/npmrc Completed in 94ms
13 timing config:load:global Completed in 96ms
14 timing config:load:validate Completed in 0ms
15 timing config:load:credentials Completed in 1ms
16 timing config:load:setEnvs Completed in 4ms
17 timing config:load Completed in 391ms
18 timing npm:load:configload Completed in 392ms
19 timing npm:load:mkdirpcache Completed in 2ms
20 timing npm:load:mkdirplogs Completed in 0ms
21 verbose title npm install
22 verbose argv "install"
23 timing npm:load:setTitle Completed in 90ms
24 timing config:load:flatten Completed in 5ms
25 timing npm:load:display Completed in 8ms
26 verbose logfile logs-max:10 dir:/home/container/.npm/_logs
27 verbose logfile /home/container/.npm/_logs/2023-05-23T15_28_07_490Z-debug-0.log
28 timing npm:load:logFile Completed in 93ms
29 timing npm:load:timers Completed in 0ms
30 timing npm:load:configScope Completed in 0ms
31 timing npm:load Completed in 589ms
32 timing arborist:ctor Completed in 1ms
33 silly logfile start cleaning logs, removing 1 files
34 silly logfile done cleaning log files
35 timing idealTree:init Completed in 2796ms
36 timing idealTree:userRequests Completed in 92ms
37 silly idealTree buildDeps
38 timing idealTree:#root Completed in 1ms
39 timing idealTree:buildDeps Completed in 3ms
40 timing idealTree:fixDepFlags Completed in 0ms
41 timing idealTree Completed in 2903ms
42 timing arborist:ctor Completed in 0ms
43 timing reify:loadTrees Completed in 5391ms
44 timing reify:diffTrees Completed in 300ms
45 silly reify moves {}
46 timing reify:retireShallow Completed in 2ms
47 timing reify:createSparse Completed in 95ms
48 timing reify:loadBundles Completed in 0ms
49 silly audit bulk request {
49 silly audit   '@discordjs/builders': [ '1.6.1' ],
49 silly audit   '@discordjs/collection': [ '1.5.0' ],
49 silly audit   '@discordjs/formatters': [ '0.3.0' ],
49 silly audit   '@discordjs/rest': [ '1.7.0' ],
49 silly audit   '@discordjs/util': [ '0.2.0' ],
49 silly audit   '@sapphire/async-queue': [ '1.5.0' ],
49 silly audit   '@sapphire/shapeshift': [ '3.8.2' ],
49 silly audit   '@sapphire/snowflake': [ '3.4.2' ],
49 silly audit   '@tokenizer/token': [ '0.3.0' ],
49 silly audit   '@types/bluebird': [ '3.5.38' ],
49 silly audit   '@types/mysql': [ '2.15.21' ],
49 silly audit   '@types/node': [ '18.15.11' ],
49 silly audit   '@types/webidl-conversions': [ '7.0.0' ],
49 silly audit   '@types/whatwg-url': [ '8.2.2' ],
49 silly audit   '@types/ws': [ '8.5.4' ],
49 silly audit   anymatch: [ '2.0.0' ],
49 silly audit   'normalize-path': [ '2.1.1', '3.0.0' ],
49 silly audit   'arr-diff': [ '4.0.0' ],
49 silly audit   'arr-flatten': [ '1.1.0' ],
49 silly audit   'arr-union': [ '3.1.0' ],
49 silly audit   'array-unique': [ '0.3.2' ],
49 silly audit   'assign-symbols': [ '1.0.0' ],
49 silly audit   async: [ '1.5.2' ],
49 silly audit   'async-each': [ '1.0.6' ],
49 silly audit   atob: [ '2.1.2' ],
49 silly audit   'balanced-match': [ '1.0.2' ],
49 silly audit   base: [ '0.11.2' ],
49 silly audit   'define-property': [ '1.0.0', '0.2.5', '2.0.2' ],
49 silly audit   'base64-js': [ '1.5.1' ],
49 silly audit   'better-sqlite3': [ '7.6.2' ],
49 silly audit   'bignumber.js': [ '9.0.0' ],
49 silly audit   'binary-extensions': [ '1.13.1' ],
49 silly audit   bindings: [ '1.5.0' ],
49 silly audit   bl: [ '4.1.0' ],
49 silly audit   'readable-stream': [ '3.6.2', '2.3.7' ],
49 silly audit   bluebird: [ '3.7.2' ],
49 silly audit   'brace-expansion': [ '1.1.11' ],
49 silly audit   braces: [ '2.3.2' ],
49 silly audit   bson: [ '5.2.0' ],
49 silly audit   buffer: [ '5.7.1' ],
49 silly audit   busboy: [ '1.6.0' ],
49 silly audit   'cache-base': [ '1.0.1' ],
49 silly audit   chokidar: [ '2.1.8' ],
49 silly audit   chownr: [ '1.1.4' ],
49 silly audit   'class-utils': [ '0.3.6' ],
49 silly audit   'is-accessor-descriptor': [ '0.1.6', '1.0.0' ],
49 silly audit   'is-data-descriptor': [ '0.1.4', '1.0.0' ],
49 silly audit   'is-descriptor': [ '0.1.6', '1.0.2' ],
49 silly audit   'kind-of': [ '5.1.0', '4.0.0', '6.0.3', '3.2.2' ],
49 silly audit   'collection-visit': [ '1.0.0' ],
49 silly audit   'component-emitter': [ '1.3.0' ],
49 silly audit   'concat-map': [ '0.0.1' ],
49 silly audit   'copy-descriptor': [ '0.1.1' ],
49 silly audit   'core-util-is': [ '1.0.3' ],
49 silly audit   cron: [ '2.3.0' ],
49 silly audit   debug: [ '2.6.9', '4.3.4' ],
49 silly audit   ms: [ '2.0.0', '2.1.2', '2.1.3' ],
49 silly audit   'decode-uri-component': [ '0.2.2' ],
49 silly audit   'decompress-response': [ '6.0.0' ],
49 silly audit   'deep-extend': [ '0.6.0' ],
49 silly audit   'detect-libc': [ '2.0.1' ],
49 silly audit   'discord-api-types': [ '0.37.38' ],
49 silly audit   'discord.js': [ '14.9.0' ],
49 silly audit   duplexer: [ '0.1.2' ],
49 silly audit   'end-of-stream': [ '1.4.4' ],
49 silly audit   'event-stream': [ '3.3.4' ],
49 silly audit   eventemitter2: [ '6.4.9' ],
49 silly audit   'expand-brackets': [ '2.1.4' ],
49 silly audit   'expand-template': [ '2.0.3' ],
49 silly audit   'extend-shallow': [ '2.0.1', '3.0.2' ],
49 silly audit   extglob: [ '2.0.4' ],
49 silly audit   'fast-deep-equal': [ '3.1.3' ],
49 silly audit   'file-type': [ '18.2.1' ],
49 silly audit   'file-uri-to-path': [ '1.0.0' ],
49 silly audit   'fill-range': [ '4.0.0' ],
49 silly audit   'for-in': [ '1.0.2' ],
49 silly audit   'forever-monitor': [ '3.0.3' ],
49 silly audit   'fragment-cache': [ '0.2.1' ],
49 silly audit   from: [ '0.1.7' ],
49 silly audit   'fs-constants': [ '1.0.0' ],
49 silly audit   fsevents: [ '1.2.13' ],
49 silly audit   'get-value': [ '2.0.6' ],
49 silly audit   'github-from-package': [ '0.0.0' ],
49 silly audit   'glob-parent': [ '3.1.0' ],
49 silly audit   'is-glob': [ '3.1.0', '4.0.3' ],
49 silly audit   'graceful-fs': [ '4.2.11' ],
49 silly audit   'has-value': [ '1.0.0', '0.3.1' ],
49 silly audit   'has-values': [ '1.0.0', '0.1.4' ],
49 silly audit   ieee754: [ '1.2.1' ],
49 silly audit   inherits: [ '2.0.4' ],
49 silly audit   ini: [ '1.3.8' ],
49 silly audit   ip: [ '2.0.0' ],
49 silly audit   'is-binary-path': [ '1.0.1' ],
49 silly audit   'is-buffer': [ '1.1.6' ],
49 silly audit   'is-extendable': [ '0.1.1', '1.0.1' ],
49 silly audit   'is-extglob': [ '2.1.1' ],
49 silly audit   'is-number': [ '3.0.0' ],
49 silly audit   'is-plain-object': [ '2.0.4' ],
49 silly audit   'is-windows': [ '1.0.2' ],
49 silly audit   isarray: [ '1.0.0' ],
49 silly audit   isobject: [ '3.0.1', '2.1.0' ],
49 silly audit   kareem: [ '2.5.1' ],
49 silly audit   lodash: [ '4.17.21' ],
49 silly audit   'lodash.snakecase': [ '4.1.1' ],
49 silly audit   'lru-cache': [ '6.0.0' ],
49 silly audit   luxon: [ '3.3.0' ],
49 silly audit   'map-cache': [ '0.2.2' ],
49 silly audit   'map-stream': [ '0.1.0' ],
49 silly audit   'map-visit': [ '1.0.0' ],
49 silly audit   'memory-pager': [ '1.5.0' ],
49 silly audit   micromatch: [ '3.1.10' ],
49 silly audit   'mimic-response': [ '3.1.0' ],
49 silly audit   minimatch: [ '3.1.2' ],
49 silly audit   minimist: [ '1.2.8' ],
49 silly audit   'mixin-deep': [ '1.3.2' ],
49 silly audit   'mkdirp-classic': [ '0.5.3' ],
49 silly audit   moment: [ '2.29.4' ],
49 silly audit   'moment-timezone': [ '0.5.43' ],
49 silly audit   mongodb: [ '5.1.0' ],
49 silly audit   'mongodb-connection-string-url': [ '2.6.0' ],
49 silly audit   mongoose: [ '7.0.3' ],
49 silly audit   mpath: [ '0.9.0' ],
49 silly audit   mquery: [ '5.0.0' ],
49 silly audit   mysql: [ '2.18.1' ],
49 silly audit   nan: [ '2.17.0' ],
49 silly audit   nanomatch: [ '1.2.13' ],
49 silly audit   'napi-build-utils': [ '1.0.2' ],
49 silly audit   'node-abi': [ '3.35.0' ],
49 silly audit   'object-copy': [ '0.1.0' ],
49 silly audit   'object-visit': [ '1.0.1' ],
49 silly audit   'object.pick': [ '1.3.0' ],
49 silly audit   once: [ '1.4.0' ],
49 silly audit   'parse-ms': [ '2.1.0' ],
49 silly audit   pascalcase: [ '0.1.1' ],
49 silly audit   'path-dirname': [ '1.0.2' ],
49 silly audit   'path-is-absolute': [ '1.0.1' ],
49 silly audit   'pause-stream': [ '0.0.11' ],
49 silly audit   'peek-readable': [ '5.0.0' ],
49 silly audit   'posix-character-classes': [ '0.1.1' ],
49 silly audit   'prebuild-install': [ '7.1.1' ],
49 silly audit   'pretty-ms': [ '7.0.1' ],
49 silly audit   'pro.db': [ '3.0.8' ],
49 silly audit   'pro.db-arzex': [ '3.0.8' ],
49 silly audit   'process-nextick-args': [ '2.0.1' ],
49 silly audit   'promise-mysql': [ '5.2.0' ],
49 silly audit   'ps-tree': [ '1.2.0' ],
49 silly audit   pump: [ '3.0.0' ],
49 silly audit   punycode: [ '2.3.0' ],
49 silly audit   'quick.db': [ '9.1.6' ],
49 silly audit   rc: [ '1.2.8' ],
49 silly audit   'readable-web-to-node-stream': [ '3.0.2' ],
49 silly audit   readdirp: [ '2.2.1' ],
49 silly audit   'regex-not': [ '1.0.2' ],
49 silly audit   'remove-trailing-separator': [ '1.1.0' ],
49 silly audit   'repeat-element': [ '1.1.4' ],
49 silly audit   'repeat-string': [ '1.6.1' ],
49 silly audit   'resolve-url': [ '0.2.1' ],
49 silly audit   ret: [ '0.1.15' ],
49 silly audit   'safe-buffer': [ '5.1.2' ],
49 silly audit   'safe-regex': [ '1.1.0' ],
49 silly audit   saslprep: [ '1.0.3' ],
49 silly audit   semver: [ '7.4.0' ],
49 silly audit   'set-value': [ '2.0.1' ],
49 silly audit   sift: [ '16.0.1' ],
49 silly audit   'simple-concat': [ '1.0.1' ],
49 silly audit   'simple-get': [ '4.0.1' ],
49 silly audit   'smart-buffer': [ '4.2.0' ],
49 silly audit   snapdragon: [ '0.8.2' ],
49 silly audit   'snapdragon-node': [ '2.1.1' ],
49 silly audit   'snapdragon-util': [ '3.0.1' ],
49 silly audit   socks: [ '2.7.1' ],
49 silly audit   'source-map': [ '0.5.7' ],
49 silly audit   'source-map-resolve': [ '0.5.3' ],
49 silly audit   'source-map-url': [ '0.4.1' ],
49 silly audit   'sparse-bitfield': [ '3.0.3' ],
49 silly audit   split: [ '0.3.3' ],
49 silly audit   'split-string': [ '3.1.0' ],
49 silly audit   sqlstring: [ '2.3.1' ],
49 silly audit   'static-extend': [ '0.1.2' ],
49 silly audit   'stream-combiner': [ '0.0.4' ],
49 silly audit   streamsearch: [ '1.1.0' ],
49 silly audit   string_decoder: [ '1.1.1' ],
49 silly audit   'strip-json-comments': [ '2.0.1' ],
49 silly audit   strtok3: [ '7.0.0' ],
49 silly audit   'tar-fs': [ '2.1.1' ],
49 silly audit   'tar-stream': [ '2.2.0' ],
49 silly audit   through: [ '2.3.8' ],
49 silly audit   'to-object-path': [ '0.3.0' ],
49 silly audit   'to-regex': [ '3.0.2' ],
49 silly audit   'to-regex-range': [ '2.1.1' ],
49 silly audit   'token-types': [ '5.0.1' ],
49 silly audit   tr46: [ '3.0.0' ],
49 silly audit   'ts-mixer': [ '6.0.3' ],
49 silly audit   tslib: [ '2.5.0' ],
49 silly audit   'tunnel-agent': [ '0.6.0' ],
49 silly audit   undici: [ '5.21.2' ],
49 silly audit   'union-value': [ '1.0.1' ],
49 silly audit   'unset-value': [ '1.0.0' ],
49 silly audit   upath: [ '1.2.0' ],
49 silly audit   urix: [ '0.1.0' ],
49 silly audit   use: [ '3.1.1' ],
49 silly audit   'util-deprecate': [ '1.0.2' ],
49 silly audit   'webidl-conversions': [ '7.0.0' ],
49 silly audit   'whatwg-url': [ '11.0.0' ],
49 silly audit   wrappy: [ '1.0.2' ],
49 silly audit   ws: [ '8.13.0' ],
49 silly audit   yallist: [ '4.0.0' ]
49 silly audit }
50 verbose reify failed optional dependency /home/container/node_modules/fsevents
51 silly reify mark deleted [ '/home/container/node_modules/fsevents' ]
52 verbose reify failed optional dependency /home/container/node_modules/nan
53 silly reify mark deleted [ '/home/container/node_modules/nan' ]
54 timing reifyNode:node_modules/fsevents Completed in 692ms
55 http fetch POST 200 https://registry.npmjs.org/-/npm/v1/security/advisories/bulk 1608ms
56 timing auditReport:getReport Completed in 1808ms
57 silly audit report {
57 silly audit report   'glob-parent': [
57 silly audit report     {
57 silly audit report       id: 1091181,
57 silly audit report       url: 'https://github.com/advisories/GHSA-ww39-953v-wcq6',
57 silly audit report       title: 'glob-parent before 5.1.2 vulnerable to Regular Expression Denial of Service in enclosure regex',
57 silly audit report       severity: 'high',
57 silly audit report       vulnerable_versions: '<5.1.2',
57 silly audit report       cwe: [Array],
57 silly audit report       cvss: [Object]
57 silly audit report     }
57 silly audit report   ]
57 silly audit report }
58 timing metavuln:cache:get:security-advisory:glob-parent:9/yAKK1UmJQrzdbycCeBpBlU4WJI348v0Eee+TKUZO2pXAsAnmsjGlALuj7hJT4HEZ7/qqupoWooXuNoScGTZQ== Completed in 104ms
59 http fetch GET 200 https://registry.npmjs.org/glob-parent 204ms (cache hit)
60 timing metavuln:packument:glob-parent Completed in 207ms
61 timing metavuln:load:security-advisory:glob-parent:1091181 Completed in 1ms
62 timing metavuln:calculate:security-advisory:glob-parent:1091181 Completed in 299ms
63 timing metavuln:cache:get:security-advisory:chokidar:YxIkwWQ1T/WPGKxoVQuaV0cpiqcI2n5+AiqP2pTpu9schLjtTwG4dS1s2OSA6MKhNhESrQzatWpYxMkbhbsevA== Completed in 99ms
64 http fetch GET 200 https://registry.npmjs.org/chokidar 108ms (cache hit)
65 timing metavuln:packument:chokidar Completed in 111ms
66 timing metavuln:load:security-advisory:chokidar:9/yAKK1UmJQrzdbycCeBpBlU4WJI348v0Eee+TKUZO2pXAsAnmsjGlALuj7hJT4HEZ7/qqupoWooXuNoScGTZQ== Completed in 90ms
67 timing metavuln:calculate:security-advisory:chokidar:9/yAKK1UmJQrzdbycCeBpBlU4WJI348v0Eee+TKUZO2pXAsAnmsjGlALuj7hJT4HEZ7/qqupoWooXuNoScGTZQ== Completed in 291ms
68 timing metavuln:cache:get:security-advisory:forever-monitor:3BH9JmRT48+RK9i8bo8EVsnWK2rkBopxZ++GEotamlSsilMv8EPLLlAyEdp471cUpCEGy/u7ST0d7T2fOggD5g== Completed in 8ms
69 http fetch GET 200 https://registry.npmjs.org/forever-monitor 106ms (cache hit)
70 timing metavuln:packument:forever-monitor Completed in 107ms
71 timing metavuln:load:security-advisory:forever-monitor:YxIkwWQ1T/WPGKxoVQuaV0cpiqcI2n5+AiqP2pTpu9schLjtTwG4dS1s2OSA6MKhNhESrQzatWpYxMkbhbsevA== Completed in 0ms
72 timing metavuln:calculate:security-advisory:forever-monitor:YxIkwWQ1T/WPGKxoVQuaV0cpiqcI2n5+AiqP2pTpu9schLjtTwG4dS1s2OSA6MKhNhESrQzatWpYxMkbhbsevA== Completed in 108ms
73 timing auditReport:init Completed in 893ms
74 timing reify:audit Completed in 2702ms
75 timing reifyNode:node_modules/nan Completed in 2598ms
76 timing reify:unpack Completed in 2599ms
77 timing reify:unretire Completed in 0ms
78 timing build:queue Completed in 1ms
79 timing build:deps Completed in 2ms
80 timing build Completed in 2ms
81 timing reify:build Completed in 3ms
82 timing reify:trash Completed in 194ms
83 timing reify:save Completed in 1095ms
84 timing reify Completed in 10504ms
85 silly ADD
86 silly ADD
87 timing command:install Completed in 10800ms
88 verbose exit 0
89 timing npm Completed in 12102ms
90 info ok
