0 verbose cli /usr/local/bin/node /usr/local/bin/npm
1 info using npm@8.11.0
2 info using node@v17.9.1
3 timing npm:load:whichnode Completed in 1ms
4 timing config:load:defaults Completed in 89ms
5 timing config:load:file:/usr/local/lib/node_modules/npm/npmrc Completed in 2ms
6 timing config:load:builtin Completed in 2ms
7 timing config:load:cli Completed in 3ms
8 timing config:load:env Completed in 1ms
9 timing config:load:project Completed in 96ms
10 timing config:load:file:/home/container/.npmrc Completed in 1ms
11 timing config:load:user Completed in 1ms
12 timing config:load:file:/usr/local/etc/npmrc Completed in 1ms
13 timing config:load:global Completed in 1ms
14 timing config:load:validate Completed in 0ms
15 timing config:load:credentials Completed in 2ms
16 timing config:load:setEnvs Completed in 98ms
17 timing config:load Completed in 391ms
18 timing npm:load:configload Completed in 391ms
19 timing npm:load:mkdirpcache Completed in 7ms
20 timing npm:load:mkdirplogs Completed in 90ms
21 verbose title npm install pretty-ms@7.0.1
22 verbose argv "install" "pretty-ms@7.0.1"
23 timing npm:load:setTitle Completed in 2ms
24 timing config:load:flatten Completed in 7ms
25 timing npm:load:display Completed in 11ms
26 verbose logfile logs-max:10 dir:/home/container/.npm/_logs
27 verbose logfile /home/container/.npm/_logs/2023-05-23T22_05_41_083Z-debug-0.log
28 timing npm:load:logFile Completed in 95ms
29 timing npm:load:timers Completed in 0ms
30 timing npm:load:configScope Completed in 0ms
31 timing npm:load Completed in 600ms
32 timing arborist:ctor Completed in 2ms
33 silly logfile start cleaning logs, removing 1 files
34 silly logfile done cleaning log files
35 timing idealTree:init Completed in 2797ms
36 timing idealTree:userRequests Completed in 94ms
37 silly idealTree buildDeps
38 silly fetch manifest pretty-ms@7.0.1
39 timing arborist:ctor Completed in 0ms
40 http fetch GET 200 https://registry.npmjs.org/pretty-ms 3998ms (cache revalidated)
41 silly placeDep ROOT pretty-ms@7.0.1 REPLACE for: container@1.0.0 want: 7.0.1
42 timing idealTree:#root Completed in 4097ms
43 timing idealTree:node_modules/pretty-ms Completed in 0ms
44 timing idealTree:buildDeps Completed in 4100ms
45 timing idealTree:fixDepFlags Completed in 97ms
46 timing idealTree Completed in 7192ms
47 timing reify:loadTrees Completed in 7194ms
48 timing reify:diffTrees Completed in 106ms
49 silly reify moves {}
50 timing reify:retireShallow Completed in 2ms
51 timing reify:createSparse Completed in 89ms
52 timing reify:loadBundles Completed in 0ms
53 silly audit bulk request {
53 silly audit   '@discordjs/builders': [ '1.6.1' ],
53 silly audit   '@discordjs/collection': [ '1.5.0' ],
53 silly audit   '@discordjs/formatters': [ '0.3.0' ],
53 silly audit   '@discordjs/rest': [ '1.7.0' ],
53 silly audit   '@discordjs/util': [ '0.2.0' ],
53 silly audit   '@sapphire/async-queue': [ '1.5.0' ],
53 silly audit   '@sapphire/shapeshift': [ '3.8.2' ],
53 silly audit   '@sapphire/snowflake': [ '3.4.2' ],
53 silly audit   '@tokenizer/token': [ '0.3.0' ],
53 silly audit   '@types/bluebird': [ '3.5.38' ],
53 silly audit   '@types/mysql': [ '2.15.21' ],
53 silly audit   '@types/node': [ '18.15.11' ],
53 silly audit   '@types/webidl-conversions': [ '7.0.0' ],
53 silly audit   '@types/whatwg-url': [ '8.2.2' ],
53 silly audit   '@types/ws': [ '8.5.4' ],
53 silly audit   anymatch: [ '2.0.0' ],
53 silly audit   'normalize-path': [ '2.1.1', '3.0.0' ],
53 silly audit   'arr-diff': [ '4.0.0' ],
53 silly audit   'arr-flatten': [ '1.1.0' ],
53 silly audit   'arr-union': [ '3.1.0' ],
53 silly audit   'array-unique': [ '0.3.2' ],
53 silly audit   'assign-symbols': [ '1.0.0' ],
53 silly audit   async: [ '1.5.2' ],
53 silly audit   'async-each': [ '1.0.6' ],
53 silly audit   atob: [ '2.1.2' ],
53 silly audit   'balanced-match': [ '1.0.2' ],
53 silly audit   base: [ '0.11.2' ],
53 silly audit   'define-property': [ '1.0.0', '0.2.5', '2.0.2' ],
53 silly audit   'base64-js': [ '1.5.1' ],
53 silly audit   'better-sqlite3': [ '7.6.2' ],
53 silly audit   'bignumber.js': [ '9.0.0' ],
53 silly audit   'binary-extensions': [ '1.13.1' ],
53 silly audit   bindings: [ '1.5.0' ],
53 silly audit   bl: [ '4.1.0' ],
53 silly audit   'readable-stream': [ '3.6.2', '2.3.7' ],
53 silly audit   bluebird: [ '3.7.2' ],
53 silly audit   'brace-expansion': [ '1.1.11' ],
53 silly audit   braces: [ '2.3.2' ],
53 silly audit   bson: [ '5.2.0' ],
53 silly audit   buffer: [ '5.7.1' ],
53 silly audit   busboy: [ '1.6.0' ],
53 silly audit   'cache-base': [ '1.0.1' ],
53 silly audit   chokidar: [ '2.1.8' ],
53 silly audit   chownr: [ '1.1.4' ],
53 silly audit   'class-utils': [ '0.3.6' ],
53 silly audit   'is-accessor-descriptor': [ '0.1.6', '1.0.0' ],
53 silly audit   'is-data-descriptor': [ '0.1.4', '1.0.0' ],
53 silly audit   'is-descriptor': [ '0.1.6', '1.0.2' ],
53 silly audit   'kind-of': [ '5.1.0', '4.0.0', '6.0.3', '3.2.2' ],
53 silly audit   'collection-visit': [ '1.0.0' ],
53 silly audit   'component-emitter': [ '1.3.0' ],
53 silly audit   'concat-map': [ '0.0.1' ],
53 silly audit   'copy-descriptor': [ '0.1.1' ],
53 silly audit   'core-util-is': [ '1.0.3' ],
53 silly audit   cron: [ '2.3.0' ],
53 silly audit   debug: [ '2.6.9', '4.3.4' ],
53 silly audit   ms: [ '2.0.0', '2.1.2', '2.1.3' ],
53 silly audit   'decode-uri-component': [ '0.2.2' ],
53 silly audit   'decompress-response': [ '6.0.0' ],
53 silly audit   'deep-extend': [ '0.6.0' ],
53 silly audit   'detect-libc': [ '2.0.1' ],
53 silly audit   'discord-api-types': [ '0.37.38' ],
53 silly audit   'discord.js': [ '14.9.0' ],
53 silly audit   duplexer: [ '0.1.2' ],
53 silly audit   'end-of-stream': [ '1.4.4' ],
53 silly audit   'event-stream': [ '3.3.4' ],
53 silly audit   eventemitter2: [ '6.4.9' ],
53 silly audit   'expand-brackets': [ '2.1.4' ],
53 silly audit   'expand-template': [ '2.0.3' ],
53 silly audit   'extend-shallow': [ '2.0.1', '3.0.2' ],
53 silly audit   extglob: [ '2.0.4' ],
53 silly audit   'fast-deep-equal': [ '3.1.3' ],
53 silly audit   'file-type': [ '18.2.1' ],
53 silly audit   'file-uri-to-path': [ '1.0.0' ],
53 silly audit   'fill-range': [ '4.0.0' ],
53 silly audit   'for-in': [ '1.0.2' ],
53 silly audit   'forever-monitor': [ '3.0.3' ],
53 silly audit   'fragment-cache': [ '0.2.1' ],
53 silly audit   from: [ '0.1.7' ],
53 silly audit   'fs-constants': [ '1.0.0' ],
53 silly audit   fsevents: [ '1.2.13' ],
53 silly audit   'get-value': [ '2.0.6' ],
53 silly audit   'github-from-package': [ '0.0.0' ],
53 silly audit   'glob-parent': [ '3.1.0' ],
53 silly audit   'is-glob': [ '3.1.0', '4.0.3' ],
53 silly audit   'graceful-fs': [ '4.2.11' ],
53 silly audit   'has-value': [ '1.0.0', '0.3.1' ],
53 silly audit   'has-values': [ '1.0.0', '0.1.4' ],
53 silly audit   ieee754: [ '1.2.1' ],
53 silly audit   inherits: [ '2.0.4' ],
53 silly audit   ini: [ '1.3.8' ],
53 silly audit   ip: [ '2.0.0' ],
53 silly audit   'is-binary-path': [ '1.0.1' ],
53 silly audit   'is-buffer': [ '1.1.6' ],
53 silly audit   'is-extendable': [ '0.1.1', '1.0.1' ],
53 silly audit   'is-extglob': [ '2.1.1' ],
53 silly audit   'is-number': [ '3.0.0' ],
53 silly audit   'is-plain-object': [ '2.0.4' ],
53 silly audit   'is-windows': [ '1.0.2' ],
53 silly audit   isarray: [ '1.0.0' ],
53 silly audit   isobject: [ '3.0.1', '2.1.0' ],
53 silly audit   kareem: [ '2.5.1' ],
53 silly audit   lodash: [ '4.17.21' ],
53 silly audit   'lodash.snakecase': [ '4.1.1' ],
53 silly audit   'lru-cache': [ '6.0.0' ],
53 silly audit   luxon: [ '3.3.0' ],
53 silly audit   'map-cache': [ '0.2.2' ],
53 silly audit   'map-stream': [ '0.1.0' ],
53 silly audit   'map-visit': [ '1.0.0' ],
53 silly audit   'memory-pager': [ '1.5.0' ],
53 silly audit   micromatch: [ '3.1.10' ],
53 silly audit   'mimic-response': [ '3.1.0' ],
53 silly audit   minimatch: [ '3.1.2' ],
53 silly audit   minimist: [ '1.2.8' ],
53 silly audit   'mixin-deep': [ '1.3.2' ],
53 silly audit   'mkdirp-classic': [ '0.5.3' ],
53 silly audit   moment: [ '2.29.4' ],
53 silly audit   'moment-timezone': [ '0.5.43' ],
53 silly audit   mongodb: [ '5.1.0' ],
53 silly audit   'mongodb-connection-string-url': [ '2.6.0' ],
53 silly audit   mongoose: [ '7.0.3' ],
53 silly audit   mpath: [ '0.9.0' ],
53 silly audit   mquery: [ '5.0.0' ],
53 silly audit   mysql: [ '2.18.1' ],
53 silly audit   nan: [ '2.17.0' ],
53 silly audit   nanomatch: [ '1.2.13' ],
53 silly audit   'napi-build-utils': [ '1.0.2' ],
53 silly audit   'node-abi': [ '3.35.0' ],
53 silly audit   'object-copy': [ '0.1.0' ],
53 silly audit   'object-visit': [ '1.0.1' ],
53 silly audit   'object.pick': [ '1.3.0' ],
53 silly audit   once: [ '1.4.0' ],
53 silly audit   'parse-ms': [ '2.1.0' ],
53 silly audit   pascalcase: [ '0.1.1' ],
53 silly audit   'path-dirname': [ '1.0.2' ],
53 silly audit   'path-is-absolute': [ '1.0.1' ],
53 silly audit   'pause-stream': [ '0.0.11' ],
53 silly audit   'peek-readable': [ '5.0.0' ],
53 silly audit   'posix-character-classes': [ '0.1.1' ],
53 silly audit   'prebuild-install': [ '7.1.1' ],
53 silly audit   'pro.db': [ '3.0.8' ],
53 silly audit   'pro.db-arzex': [ '3.0.8' ],
53 silly audit   'process-nextick-args': [ '2.0.1' ],
53 silly audit   'promise-mysql': [ '5.2.0' ],
53 silly audit   'ps-tree': [ '1.2.0' ],
53 silly audit   pump: [ '3.0.0' ],
53 silly audit   punycode: [ '2.3.0' ],
53 silly audit   'quick.db': [ '9.1.6' ],
53 silly audit   rc: [ '1.2.8' ],
53 silly audit   'readable-web-to-node-stream': [ '3.0.2' ],
53 silly audit   readdirp: [ '2.2.1' ],
53 silly audit   'regex-not': [ '1.0.2' ],
53 silly audit   'remove-trailing-separator': [ '1.1.0' ],
53 silly audit   'repeat-element': [ '1.1.4' ],
53 silly audit   'repeat-string': [ '1.6.1' ],
53 silly audit   'resolve-url': [ '0.2.1' ],
53 silly audit   ret: [ '0.1.15' ],
53 silly audit   'safe-buffer': [ '5.1.2' ],
53 silly audit   'safe-regex': [ '1.1.0' ],
53 silly audit   saslprep: [ '1.0.3' ],
53 silly audit   semver: [ '7.4.0' ],
53 silly audit   'set-value': [ '2.0.1' ],
53 silly audit   sift: [ '16.0.1' ],
53 silly audit   'simple-concat': [ '1.0.1' ],
53 silly audit   'simple-get': [ '4.0.1' ],
53 silly audit   'smart-buffer': [ '4.2.0' ],
53 silly audit   snapdragon: [ '0.8.2' ],
53 silly audit   'snapdragon-node': [ '2.1.1' ],
53 silly audit   'snapdragon-util': [ '3.0.1' ],
53 silly audit   socks: [ '2.7.1' ],
53 silly audit   'source-map': [ '0.5.7' ],
53 silly audit   'source-map-resolve': [ '0.5.3' ],
53 silly audit   'source-map-url': [ '0.4.1' ],
53 silly audit   'sparse-bitfield': [ '3.0.3' ],
53 silly audit   split: [ '0.3.3' ],
53 silly audit   'split-string': [ '3.1.0' ],
53 silly audit   sqlstring: [ '2.3.1' ],
53 silly audit   'static-extend': [ '0.1.2' ],
53 silly audit   'stream-combiner': [ '0.0.4' ],
53 silly audit   streamsearch: [ '1.1.0' ],
53 silly audit   string_decoder: [ '1.1.1' ],
53 silly audit   'strip-json-comments': [ '2.0.1' ],
53 silly audit   strtok3: [ '7.0.0' ],
53 silly audit   'tar-fs': [ '2.1.1' ],
53 silly audit   'tar-stream': [ '2.2.0' ],
53 silly audit   through: [ '2.3.8' ],
53 silly audit   'to-object-path': [ '0.3.0' ],
53 silly audit   'to-regex': [ '3.0.2' ],
53 silly audit   'to-regex-range': [ '2.1.1' ],
53 silly audit   'token-types': [ '5.0.1' ],
53 silly audit   tr46: [ '3.0.0' ],
53 silly audit   'ts-mixer': [ '6.0.3' ],
53 silly audit   tslib: [ '2.5.0' ],
53 silly audit   'tunnel-agent': [ '0.6.0' ],
53 silly audit   undici: [ '5.21.2' ],
53 silly audit   'union-value': [ '1.0.1' ],
53 silly audit   'unset-value': [ '1.0.0' ],
53 silly audit   upath: [ '1.2.0' ],
53 silly audit   urix: [ '0.1.0' ],
53 silly audit   use: [ '3.1.1' ],
53 silly audit   'util-deprecate': [ '1.0.2' ],
53 silly audit   'webidl-conversions': [ '7.0.0' ],
53 silly audit   'whatwg-url': [ '11.0.0' ],
53 silly audit   wrappy: [ '1.0.2' ],
53 silly audit   ws: [ '8.13.0' ],
53 silly audit   yallist: [ '4.0.0' ],
53 silly audit   'pretty-ms': [ '7.0.1' ]
53 silly audit }
54 verbose reify failed optional dependency /home/container/node_modules/fsevents
55 silly reify mark deleted [ '/home/container/node_modules/fsevents' ]
56 verbose reify failed optional dependency /home/container/node_modules/nan
57 silly reify mark deleted [ '/home/container/node_modules/nan' ]
58 timing reifyNode:node_modules/fsevents Completed in 7ms
59 http fetch POST 200 https://registry.npmjs.org/-/npm/v1/security/advisories/bulk 486ms
60 timing auditReport:getReport Completed in 497ms
61 silly audit report {
61 silly audit report   'glob-parent': [
61 silly audit report     {
61 silly audit report       id: 1091181,
61 silly audit report       url: 'https://github.com/advisories/GHSA-ww39-953v-wcq6',
61 silly audit report       title: 'glob-parent before 5.1.2 vulnerable to Regular Expression Denial of Service in enclosure regex',
61 silly audit report       severity: 'high',
61 silly audit report       vulnerable_versions: '<5.1.2',
61 silly audit report       cwe: [Array],
61 silly audit report       cvss: [Object]
61 silly audit report     }
61 silly audit report   ]
61 silly audit report }
62 timing metavuln:cache:get:security-advisory:glob-parent:9/yAKK1UmJQrzdbycCeBpBlU4WJI348v0Eee+TKUZO2pXAsAnmsjGlALuj7hJT4HEZ7/qqupoWooXuNoScGTZQ== Completed in 197ms
63 http fetch GET 200 https://registry.npmjs.org/glob-parent 399ms (cache revalidated)
64 timing metavuln:packument:glob-parent Completed in 401ms
65 timing metavuln:load:security-advisory:glob-parent:1091181 Completed in 1ms
66 timing metavuln:calculate:security-advisory:glob-parent:1091181 Completed in 404ms
67 timing metavuln:cache:get:security-advisory:chokidar:YxIkwWQ1T/WPGKxoVQuaV0cpiqcI2n5+AiqP2pTpu9schLjtTwG4dS1s2OSA6MKhNhESrQzatWpYxMkbhbsevA== Completed in 94ms
68 http fetch GET 200 https://registry.npmjs.org/chokidar 293ms (cache revalidated)
69 timing metavuln:packument:chokidar Completed in 295ms
70 timing metavuln:load:security-advisory:chokidar:9/yAKK1UmJQrzdbycCeBpBlU4WJI348v0Eee+TKUZO2pXAsAnmsjGlALuj7hJT4HEZ7/qqupoWooXuNoScGTZQ== Completed in 3ms
71 timing metavuln:calculate:security-advisory:chokidar:9/yAKK1UmJQrzdbycCeBpBlU4WJI348v0Eee+TKUZO2pXAsAnmsjGlALuj7hJT4HEZ7/qqupoWooXuNoScGTZQ== Completed in 299ms
72 timing metavuln:cache:get:security-advisory:forever-monitor:3BH9JmRT48+RK9i8bo8EVsnWK2rkBopxZ++GEotamlSsilMv8EPLLlAyEdp471cUpCEGy/u7ST0d7T2fOggD5g== Completed in 96ms
73 timing reifyNode:node_modules/nan Completed in 1301ms
74 timing reify:unpack Completed in 1302ms
75 timing reify:unretire Completed in 0ms
76 timing build:queue Completed in 1ms
77 timing build:deps Completed in 2ms
78 timing build Completed in 2ms
79 timing reify:build Completed in 4ms
80 timing reify:trash Completed in 196ms
81 timing reify:save Completed in 1199ms
82 http fetch GET 200 https://registry.npmjs.org/forever-monitor 2011ms (cache revalidated)
83 timing metavuln:packument:forever-monitor Completed in 2012ms
84 timing metavuln:load:security-advisory:forever-monitor:YxIkwWQ1T/WPGKxoVQuaV0cpiqcI2n5+AiqP2pTpu9schLjtTwG4dS1s2OSA6MKhNhESrQzatWpYxMkbhbsevA== Completed in 1ms
85 timing metavuln:calculate:security-advisory:forever-monitor:YxIkwWQ1T/WPGKxoVQuaV0cpiqcI2n5+AiqP2pTpu9schLjtTwG4dS1s2OSA6MKhNhESrQzatWpYxMkbhbsevA== Completed in 2093ms
86 timing auditReport:init Completed in 2908ms
87 timing reify:audit Completed in 3408ms
88 timing reify Completed in 10993ms
89 silly ADD
90 silly ADD
91 timing command:install Completed in 11200ms
92 verbose exit 0
93 timing npm Completed in 12701ms
94 info ok
